<?xml version="1.0" encoding="UTF-8"?>
<!-- Generated by org.testng.reporters.JUnitReportReporter -->
<testsuite hostname="HYDHTC388553D" name="PackageA.ClassA" tests="1" failures="0" timestamp="9 Jun 2017 06:45:02 GMT" time="13.583" errors="0">
  <testcase name="f" time="13.583" classname="PackageA.ClassA"/>
</testsuite> <!-- PackageA.ClassA -->
